<?xml version="1.0" encoding="UTF-8"?>
<!-- Generated by org.testng.reporters.JUnitReportReporter -->
<testsuite hostname="Sathishs-MacBook-Air.local" failures="0" tests="58" name="testrunner.testngrunner" time="54.306" errors="1" timestamp="2024-01-19T09:55:56 EST" skipped="0">
  <testcase classname="testrunner.testngrunner" name="runScenario" time="0.975"/>
  <testcase classname="testrunner.testngrunner" name="runScenario" time="1.410"/>
  <testcase classname="testrunner.testngrunner" name="runScenario" time="0.834"/>
  <testcase classname="testrunner.testngrunner" name="runScenario" time="0.744"/>
  <testcase classname="testrunner.testngrunner" name="runScenario" time="0.631"/>
  <testcase classname="testrunner.testngrunner" name="runScenario" time="0.209"/>
  <testcase classname="testrunner.testngrunner" name="runScenario" time="1.764"/>
  <testcase classname="testrunner.testngrunner" name="runScenario" time="1.078"/>
  <testcase classname="testrunner.testngrunner" name="runScenario" time="1.070"/>
  <testcase classname="testrunner.testngrunner" name="runScenario" time="0.610"/>
  <testcase classname="testrunner.testngrunner" name="runScenario" time="0.783"/>
  <testcase classname="testrunner.testngrunner" name="runScenario" time="0.740"/>
  <testcase classname="testrunner.testngrunner" name="runScenario" time="0.322"/>
  <testcase classname="testrunner.testngrunner" name="runScenario" time="0.788"/>
  <testcase classname="testrunner.testngrunner" name="runScenario" time="1.555"/>
  <testcase classname="testrunner.testngrunner" name="runScenario" time="0.734"/>
  <testcase classname="testrunner.testngrunner" name="runScenario" time="0.821"/>
  <testcase classname="testrunner.testngrunner" name="runScenario" time="0.591"/>
  <testcase classname="testrunner.testngrunner" name="runScenario" time="0.649"/>
  <testcase classname="testrunner.testngrunner" name="runScenario" time="0.816"/>
  <testcase classname="testrunner.testngrunner" name="runScenario" time="0.614"/>
  <testcase classname="testrunner.testngrunner" name="runScenario" time="3.178"/>
  <testcase classname="testrunner.testngrunner" name="runScenario" time="0.725"/>
  <testcase classname="testrunner.testngrunner" name="runScenario" time="1.661"/>
  <testcase classname="testrunner.testngrunner" name="runScenario" time="0.730"/>
  <testcase classname="testrunner.testngrunner" name="runScenario" time="1.063"/>
  <testcase classname="testrunner.testngrunner" name="runScenario" time="0.730"/>
  <testcase classname="testrunner.testngrunner" name="runScenario" time="0.545"/>
  <testcase classname="testrunner.testngrunner" name="runScenario" time="0.151"/>
  <testcase classname="testrunner.testngrunner" name="runScenario" time="0.888"/>
  <testcase classname="testrunner.testngrunner" name="runScenario" time="0.734"/>
  <testcase classname="testrunner.testngrunner" name="runScenario" time="0.957"/>
  <testcase classname="testrunner.testngrunner" name="runScenario" time="0.953"/>
  <testcase classname="testrunner.testngrunner" name="runScenario" time="0.740"/>
  <testcase classname="testrunner.testngrunner" name="runScenario" time="0.998"/>
  <testcase classname="testrunner.testngrunner" name="runScenario" time="0.458"/>
  <testcase classname="testrunner.testngrunner" name="runScenario" time="0.635"/>
  <testcase classname="testrunner.testngrunner" name="runScenario" time="0.223"/>
  <testcase classname="testrunner.testngrunner" name="runScenario" time="0.286"/>
  <testcase classname="testrunner.testngrunner" name="runScenario" time="0.483"/>
  <testcase classname="testrunner.testngrunner" name="runScenario" time="0.195"/>
  <testcase classname="testrunner.testngrunner" name="runScenario" time="0.496"/>
  <testcase classname="testrunner.testngrunner" name="runScenario" time="0.827"/>
  <testcase classname="testrunner.testngrunner" name="runScenario" time="0.750"/>
  <testcase classname="testrunner.testngrunner" name="runScenario" time="0.726"/>
  <testcase classname="testrunner.testngrunner" name="runScenario" time="0.624"/>
  <testcase classname="testrunner.testngrunner" name="runScenario" time="0.776"/>
  <testcase classname="testrunner.testngrunner" name="runScenario" time="1.336"/>
  <testcase classname="testrunner.testngrunner" name="runScenario" time="3.361">
    <error message="no such element: Unable to locate element: {&quot;method&quot;:&quot;xpath&quot;,&quot;selector&quot;:&quot;//*[text()=&#039;Sign out&#039;]&quot;}
  (Session info: chrome=120.0.6099.234)
For documentation on this error, please visit: https://www.selenium.dev/documentation/webdriver/troubleshooting/errors#no-such-element-exception
Build info: version: &#039;4.16.0&#039;, revision: &#039;15400459dd*&#039;
System info: os.name: &#039;Mac OS X&#039;, os.arch: &#039;aarch64&#039;, os.version: &#039;14.2.1&#039;, java.version: &#039;21.0.1&#039;
Driver info: org.openqa.selenium.chrome.ChromeDriver
Command: [6bdea6d0e08d30682443856d55b3c127, findElement {using=xpath, value=//*[text()=&#039;Sign out&#039;]}]
Capabilities {acceptInsecureCerts: false, browserName: chrome, browserVersion: 120.0.6099.234, chrome: {chromedriverVersion: 120.0.6099.109 (3419140ab66..., userDataDir: /var/folders/gb/z_br60gn0h5...}, fedcm:accounts: true, goog:chromeOptions: {debuggerAddress: localhost:50580}, networkConnectionEnabled: false, pageLoadStrategy: normal, platformName: mac, proxy: Proxy(), se:cdp: ws://localhost:50580/devtoo..., se:cdpVersion: 120.0.6099.234, setWindowRect: true, strictFileInteractability: false, timeouts: {implicit: 0, pageLoad: 300000, script: 30000}, unhandledPromptBehavior: dismiss and notify, webauthn:extension:credBlob: true, webauthn:extension:largeBlob: true, webauthn:extension:minPinLength: true, webauthn:extension:prf: true, webauthn:virtualAuthenticators: true}
Session ID: 6bdea6d0e08d30682443856d55b3c127" type="org.openqa.selenium.NoSuchElementException">
      <![CDATA[org.openqa.selenium.NoSuchElementException: no such element: Unable to locate element: {"method":"xpath","selector":"//*[text()='Sign out']"}
  (Session info: chrome=120.0.6099.234)
For documentation on this error, please visit: https://www.selenium.dev/documentation/webdriver/troubleshooting/errors#no-such-element-exception
Build info: version: '4.16.0', revision: '15400459dd*'
System info: os.name: 'Mac OS X', os.arch: 'aarch64', os.version: '14.2.1', java.version: '21.0.1'
Driver info: org.openqa.selenium.chrome.ChromeDriver
Command: [6bdea6d0e08d30682443856d55b3c127, findElement {using=xpath, value=//*[text()='Sign out']}]
Capabilities {acceptInsecureCerts: false, browserName: chrome, browserVersion: 120.0.6099.234, chrome: {chromedriverVersion: 120.0.6099.109 (3419140ab66..., userDataDir: /var/folders/gb/z_br60gn0h5...}, fedcm:accounts: true, goog:chromeOptions: {debuggerAddress: localhost:50580}, networkConnectionEnabled: false, pageLoadStrategy: normal, platformName: mac, proxy: Proxy(), se:cdp: ws://localhost:50580/devtoo..., se:cdpVersion: 120.0.6099.234, setWindowRect: true, strictFileInteractability: false, timeouts: {implicit: 0, pageLoad: 300000, script: 30000}, unhandledPromptBehavior: dismiss and notify, webauthn:extension:credBlob: true, webauthn:extension:largeBlob: true, webauthn:extension:minPinLength: true, webauthn:extension:prf: true, webauthn:virtualAuthenticators: true}
Session ID: 6bdea6d0e08d30682443856d55b3c127
at java.base/jdk.internal.reflect.DirectConstructorHandleAccessor.newInstance(DirectConstructorHandleAccessor.java:62)
at java.base/java.lang.reflect.Constructor.newInstanceWithCaller(Constructor.java:502)
at java.base/java.lang.reflect.Constructor.newInstance(Constructor.java:486)
at org.openqa.selenium.remote.codec.w3c.W3CHttpResponseCodec.createException(W3CHttpResponseCodec.java:200)
at org.openqa.selenium.remote.codec.w3c.W3CHttpResponseCodec.decode(W3CHttpResponseCodec.java:133)
at org.openqa.selenium.remote.codec.w3c.W3CHttpResponseCodec.decode(W3CHttpResponseCodec.java:52)
at org.openqa.selenium.remote.HttpCommandExecutor.execute(HttpCommandExecutor.java:191)
at org.openqa.selenium.remote.service.DriverCommandExecutor.invokeExecute(DriverCommandExecutor.java:200)
at org.openqa.selenium.remote.service.DriverCommandExecutor.execute(DriverCommandExecutor.java:175)
at org.openqa.selenium.remote.RemoteWebDriver.execute(RemoteWebDriver.java:523)
at org.openqa.selenium.remote.ElementLocation$ElementFinder$2.findElement(ElementLocation.java:165)
at org.openqa.selenium.remote.ElementLocation.findElement(ElementLocation.java:59)
at org.openqa.selenium.remote.RemoteWebDriver.findElement(RemoteWebDriver.java:360)
at org.openqa.selenium.remote.RemoteWebDriver.findElement(RemoteWebDriver.java:354)
at pom.Registerpom.lsignout(Registerpom.java:78)
at stepdefinitions.Register.clicks_sign_out(Register.java:72)
at âœ½.clicks Sign out(file:///Users/sathishkumar/eclipse-workspace/projectcucumber/./src/test/resources/features/register.feature:24)
]]>
    </error>
  </testcase> <!-- runScenario -->
  <testcase classname="testrunner.testngrunner" name="runScenario" time="0.446"/>
  <testcase classname="testrunner.testngrunner" name="runScenario" time="0.153"/>
  <testcase classname="testrunner.testngrunner" name="runScenario" time="0.974"/>
  <testcase classname="testrunner.testngrunner" name="runScenario" time="0.147"/>
  <testcase classname="testrunner.testngrunner" name="runScenario" time="0.400"/>
  <testcase classname="testrunner.testngrunner" name="runScenario" time="3.153"/>
  <testcase classname="testrunner.testngrunner" name="runScenario" time="2.746"/>
  <testcase classname="testrunner.testngrunner" name="runScenario" time="3.157"/>
  <testcase classname="testrunner.testngrunner" name="runScenario" time="0.163"/>
</testsuite> <!-- testrunner.testngrunner -->
