{"uuid":"23857b6d-e199-4662-9050-d5ce15410fe7","historyId":"db4f3fbf711d754d788c3eafd76280e4","fullName":"./src/test/resources/features/array.feature:32","labels":[{"name":"tag","value":"f"},{"name":"tag","value":"array3"},{"name":"host","value":"Sathishs-MacBook-Air.local"},{"name":"thread","value":"16713@Sathishs-MacBook-Air.local.main(1)"},{"name":"feature","value":"Automates array page"},{"name":"story","value":"practise questions"},{"name":"suite","value":"Automates array page"},{"name":"testClass","value":"practise questions"},{"name":"framework","value":"cucumber4jvm"},{"name":"language","value":"java"},{"name":"gherkin_uri","value":"file:///Users/sathishkumar/eclipse-workspace/projectcucumber/./src/test/resources/features/array.feature"},{"name":"package","value":"src.test.resources.features.array_feature.Automates array page"}],"links":[],"name":"practise questions","status":"broken","statusDetails":{"known":false,"muted":false,"flaky":false,"message":"no such window: target window already closed\nfrom unknown error: web view not found\n  (Session info: chrome=120.0.6099.199)\nBuild info: version: '4.16.0', revision: '15400459dd*'\nSystem info: os.name: 'Mac OS X', os.arch: 'aarch64', os.version: '13.4', java.version: '21.0.1'\nDriver info: org.openqa.selenium.chrome.ChromeDriver\nCommand: [060218c537ec4f459dc0e1b61148cb39, get {url=https://dsportalapp.herokuapp.com/array/arrays-in-python/}]\nCapabilities {acceptInsecureCerts: false, browserName: chrome, browserVersion: 120.0.6099.199, chrome: {chromedriverVersion: 120.0.6099.109 (3419140ab66..., userDataDir: /var/folders/gb/z_br60gn0h5...}, fedcm:accounts: true, goog:chromeOptions: {debuggerAddress: localhost:53112}, networkConnectionEnabled: false, pageLoadStrategy: normal, platformName: mac, proxy: Proxy(), se:cdp: ws://localhost:53112/devtoo..., se:cdpVersion: 120.0.6099.199, setWindowRect: true, strictFileInteractability: false, timeouts: {implicit: 0, pageLoad: 300000, script: 30000}, unhandledPromptBehavior: dismiss and notify, webauthn:extension:credBlob: true, webauthn:extension:largeBlob: true, webauthn:extension:minPinLength: true, webauthn:extension:prf: true, webauthn:virtualAuthenticators: true}\nSession ID: 060218c537ec4f459dc0e1b61148cb39","trace":"org.openqa.selenium.NoSuchWindowException: no such window: target window already closed\nfrom unknown error: web view not found\n  (Session info: chrome=120.0.6099.199)\nBuild info: version: '4.16.0', revision: '15400459dd*'\nSystem info: os.name: 'Mac OS X', os.arch: 'aarch64', os.version: '13.4', java.version: '21.0.1'\nDriver info: org.openqa.selenium.chrome.ChromeDriver\nCommand: [060218c537ec4f459dc0e1b61148cb39, get {url=https://dsportalapp.herokuapp.com/array/arrays-in-python/}]\nCapabilities {acceptInsecureCerts: false, browserName: chrome, browserVersion: 120.0.6099.199, chrome: {chromedriverVersion: 120.0.6099.109 (3419140ab66..., userDataDir: /var/folders/gb/z_br60gn0h5...}, fedcm:accounts: true, goog:chromeOptions: {debuggerAddress: localhost:53112}, networkConnectionEnabled: false, pageLoadStrategy: normal, platformName: mac, proxy: Proxy(), se:cdp: ws://localhost:53112/devtoo..., se:cdpVersion: 120.0.6099.199, setWindowRect: true, strictFileInteractability: false, timeouts: {implicit: 0, pageLoad: 300000, script: 30000}, unhandledPromptBehavior: dismiss and notify, webauthn:extension:credBlob: true, webauthn:extension:largeBlob: true, webauthn:extension:minPinLength: true, webauthn:extension:prf: true, webauthn:virtualAuthenticators: true}\nSession ID: 060218c537ec4f459dc0e1b61148cb39\n\tat java.base/jdk.internal.reflect.DirectConstructorHandleAccessor.newInstance(DirectConstructorHandleAccessor.java:62)\n\tat java.base/java.lang.reflect.Constructor.newInstanceWithCaller(Constructor.java:502)\n\tat java.base/java.lang.reflect.Constructor.newInstance(Constructor.java:486)\n\tat org.openqa.selenium.remote.codec.w3c.W3CHttpResponseCodec.createException(W3CHttpResponseCodec.java:200)\n\tat org.openqa.selenium.remote.codec.w3c.W3CHttpResponseCodec.decode(W3CHttpResponseCodec.java:133)\n\tat org.openqa.selenium.remote.codec.w3c.W3CHttpResponseCodec.decode(W3CHttpResponseCodec.java:52)\n\tat org.openqa.selenium.remote.HttpCommandExecutor.execute(HttpCommandExecutor.java:191)\n\tat org.openqa.selenium.remote.service.DriverCommandExecutor.invokeExecute(DriverCommandExecutor.java:200)\n\tat org.openqa.selenium.remote.service.DriverCommandExecutor.execute(DriverCommandExecutor.java:175)\n\tat org.openqa.selenium.remote.RemoteWebDriver.execute(RemoteWebDriver.java:523)\n\tat org.openqa.selenium.remote.RemoteWebDriver.get(RemoteWebDriver.java:305)\n\tat stepdefinitions.Array.clicks_practise_questions(Array.java:97)\n\tat ✽.Clicks Practise Questions(file:///Users/sathishkumar/eclipse-workspace/projectcucumber/./src/test/resources/features/array.feature:25)\n"},"stage":"finished","steps":[{"name":"Given  Clicks Practise Questions","status":"broken","statusDetails":{"known":false,"muted":false,"flaky":false,"message":"no such window: target window already closed\nfrom unknown error: web view not found\n  (Session info: chrome=120.0.6099.199)\nBuild info: version: '4.16.0', revision: '15400459dd*'\nSystem info: os.name: 'Mac OS X', os.arch: 'aarch64', os.version: '13.4', java.version: '21.0.1'\nDriver info: org.openqa.selenium.chrome.ChromeDriver\nCommand: [060218c537ec4f459dc0e1b61148cb39, get {url=https://dsportalapp.herokuapp.com/array/arrays-in-python/}]\nCapabilities {acceptInsecureCerts: false, browserName: chrome, browserVersion: 120.0.6099.199, chrome: {chromedriverVersion: 120.0.6099.109 (3419140ab66..., userDataDir: /var/folders/gb/z_br60gn0h5...}, fedcm:accounts: true, goog:chromeOptions: {debuggerAddress: localhost:53112}, networkConnectionEnabled: false, pageLoadStrategy: normal, platformName: mac, proxy: Proxy(), se:cdp: ws://localhost:53112/devtoo..., se:cdpVersion: 120.0.6099.199, setWindowRect: true, strictFileInteractability: false, timeouts: {implicit: 0, pageLoad: 300000, script: 30000}, unhandledPromptBehavior: dismiss and notify, webauthn:extension:credBlob: true, webauthn:extension:largeBlob: true, webauthn:extension:minPinLength: true, webauthn:extension:prf: true, webauthn:virtualAuthenticators: true}\nSession ID: 060218c537ec4f459dc0e1b61148cb39","trace":"org.openqa.selenium.NoSuchWindowException: no such window: target window already closed\nfrom unknown error: web view not found\n  (Session info: chrome=120.0.6099.199)\nBuild info: version: '4.16.0', revision: '15400459dd*'\nSystem info: os.name: 'Mac OS X', os.arch: 'aarch64', os.version: '13.4', java.version: '21.0.1'\nDriver info: org.openqa.selenium.chrome.ChromeDriver\nCommand: [060218c537ec4f459dc0e1b61148cb39, get {url=https://dsportalapp.herokuapp.com/array/arrays-in-python/}]\nCapabilities {acceptInsecureCerts: false, browserName: chrome, browserVersion: 120.0.6099.199, chrome: {chromedriverVersion: 120.0.6099.109 (3419140ab66..., userDataDir: /var/folders/gb/z_br60gn0h5...}, fedcm:accounts: true, goog:chromeOptions: {debuggerAddress: localhost:53112}, networkConnectionEnabled: false, pageLoadStrategy: normal, platformName: mac, proxy: Proxy(), se:cdp: ws://localhost:53112/devtoo..., se:cdpVersion: 120.0.6099.199, setWindowRect: true, strictFileInteractability: false, timeouts: {implicit: 0, pageLoad: 300000, script: 30000}, unhandledPromptBehavior: dismiss and notify, webauthn:extension:credBlob: true, webauthn:extension:largeBlob: true, webauthn:extension:minPinLength: true, webauthn:extension:prf: true, webauthn:virtualAuthenticators: true}\nSession ID: 060218c537ec4f459dc0e1b61148cb39\n\tat java.base/jdk.internal.reflect.DirectConstructorHandleAccessor.newInstance(DirectConstructorHandleAccessor.java:62)\n\tat java.base/java.lang.reflect.Constructor.newInstanceWithCaller(Constructor.java:502)\n\tat java.base/java.lang.reflect.Constructor.newInstance(Constructor.java:486)\n\tat org.openqa.selenium.remote.codec.w3c.W3CHttpResponseCodec.createException(W3CHttpResponseCodec.java:200)\n\tat org.openqa.selenium.remote.codec.w3c.W3CHttpResponseCodec.decode(W3CHttpResponseCodec.java:133)\n\tat org.openqa.selenium.remote.codec.w3c.W3CHttpResponseCodec.decode(W3CHttpResponseCodec.java:52)\n\tat org.openqa.selenium.remote.HttpCommandExecutor.execute(HttpCommandExecutor.java:191)\n\tat org.openqa.selenium.remote.service.DriverCommandExecutor.invokeExecute(DriverCommandExecutor.java:200)\n\tat org.openqa.selenium.remote.service.DriverCommandExecutor.execute(DriverCommandExecutor.java:175)\n\tat org.openqa.selenium.remote.RemoteWebDriver.execute(RemoteWebDriver.java:523)\n\tat org.openqa.selenium.remote.RemoteWebDriver.get(RemoteWebDriver.java:305)\n\tat stepdefinitions.Array.clicks_practise_questions(Array.java:97)\n\tat ✽.Clicks Practise Questions(file:///Users/sathishkumar/eclipse-workspace/projectcucumber/./src/test/resources/features/array.feature:25)\n"},"stage":"finished","steps":[],"attachments":[],"parameters":[],"start":1704997210928,"stop":1704997210930},{"name":"When  Clicks Question \"Search the array\"","status":"skipped","statusDetails":{"known":false,"muted":false,"flaky":false},"stage":"finished","steps":[],"attachments":[],"parameters":[],"start":1704997210931,"stop":1704997210931},{"name":"Then  Shows Questions and text area to run the code","status":"skipped","statusDetails":{"known":false,"muted":false,"flaky":false},"stage":"finished","steps":[],"attachments":[],"parameters":[],"start":1704997210931,"stop":1704997210931},{"name":"When  Enters code And Runs or Submit","status":"skipped","statusDetails":{"known":false,"muted":false,"flaky":false},"stage":"finished","steps":[],"attachments":[],"parameters":[],"start":1704997210931,"stop":1704997210931},{"name":"Then  Shows Output or Alert message or error message","status":"skipped","statusDetails":{"known":false,"muted":false,"flaky":false},"stage":"finished","steps":[],"attachments":[],"parameters":[],"start":1704997210932,"stop":1704997210933}],"attachments":[],"parameters":[{"name":"topics","value":"Search the array"}],"start":1704997210928,"stop":1704997210933}