{"uuid":"eb1c9161-35be-4ee4-bd2e-7eba2056d89e","historyId":"6523cffd9cc1d1d0ced15b479cea0c0c","fullName":"./src/test/resources/features/stack.feature:20","labels":[{"name":"tag","value":"h"},{"name":"tag","value":"stack2"},{"name":"host","value":"Sathishs-MacBook-Air.local"},{"name":"thread","value":"4700@Sathishs-MacBook-Air.local.main(1)"},{"name":"feature","value":"Autamates the stack"},{"name":"story","value":"Stack subtopics"},{"name":"suite","value":"Autamates the stack"},{"name":"testClass","value":"Stack subtopics"},{"name":"framework","value":"cucumber4jvm"},{"name":"language","value":"java"},{"name":"gherkin_uri","value":"file:///Users/sathishkumar/eclipse-workspace/projectcucumber/./src/test/resources/features/stack.feature"},{"name":"package","value":"src.test.resources.features.stack_feature.Autamates the stack"}],"links":[],"name":"Stack subtopics","status":"broken","statusDetails":{"known":false,"muted":false,"flaky":false,"message":"Unable to find element with locator By.linkText: Implementation\nFor documentation on this error, please visit: https://www.selenium.dev/documentation/webdriver/troubleshooting/errors#no-such-element-exception\nBuild info: version: '4.16.0', revision: '15400459dd*'\nSystem info: os.name: 'Mac OS X', os.arch: 'aarch64', os.version: '13.4', java.version: '21.0.1'\nDriver info: driver.version: RemoteWebDriver","trace":"org.openqa.selenium.NoSuchElementException: Unable to find element with locator By.linkText: Implementation\nFor documentation on this error, please visit: https://www.selenium.dev/documentation/webdriver/troubleshooting/errors#no-such-element-exception\nBuild info: version: '4.16.0', revision: '15400459dd*'\nSystem info: os.name: 'Mac OS X', os.arch: 'aarch64', os.version: '13.4', java.version: '21.0.1'\nDriver info: driver.version: RemoteWebDriver\n\tat org.openqa.selenium.remote.ElementLocation$ElementFinder$2.findElement(ElementLocation.java:168)\n\tat org.openqa.selenium.remote.ElementLocation.findElement(ElementLocation.java:59)\n\tat org.openqa.selenium.remote.RemoteWebDriver.findElement(RemoteWebDriver.java:360)\n\tat org.openqa.selenium.remote.RemoteWebDriver.findElement(RemoteWebDriver.java:354)\n\tat pom.Stackpom.subtopics(Stackpom.java:51)\n\tat stepdefinitions.Stack.clicks_stack(Stack.java:54)\n\tat ✽.Clicks Stack \"Implementation\"(file:///Users/sathishkumar/eclipse-workspace/projectcucumber/./src/test/resources/features/stack.feature:11)\n"},"stage":"finished","steps":[{"name":"Given  Shows option to explore more about Stack","status":"passed","statusDetails":{"known":false,"muted":false,"flaky":false},"stage":"finished","steps":[],"attachments":[],"parameters":[],"start":1705081979370,"stop":1705081979370},{"name":"When  Clicks Stack \"Implementation\"","status":"broken","statusDetails":{"known":false,"muted":false,"flaky":false,"message":"Unable to find element with locator By.linkText: Implementation\nFor documentation on this error, please visit: https://www.selenium.dev/documentation/webdriver/troubleshooting/errors#no-such-element-exception\nBuild info: version: '4.16.0', revision: '15400459dd*'\nSystem info: os.name: 'Mac OS X', os.arch: 'aarch64', os.version: '13.4', java.version: '21.0.1'\nDriver info: driver.version: RemoteWebDriver","trace":"org.openqa.selenium.NoSuchElementException: Unable to find element with locator By.linkText: Implementation\nFor documentation on this error, please visit: https://www.selenium.dev/documentation/webdriver/troubleshooting/errors#no-such-element-exception\nBuild info: version: '4.16.0', revision: '15400459dd*'\nSystem info: os.name: 'Mac OS X', os.arch: 'aarch64', os.version: '13.4', java.version: '21.0.1'\nDriver info: driver.version: RemoteWebDriver\n\tat org.openqa.selenium.remote.ElementLocation$ElementFinder$2.findElement(ElementLocation.java:168)\n\tat org.openqa.selenium.remote.ElementLocation.findElement(ElementLocation.java:59)\n\tat org.openqa.selenium.remote.RemoteWebDriver.findElement(RemoteWebDriver.java:360)\n\tat org.openqa.selenium.remote.RemoteWebDriver.findElement(RemoteWebDriver.java:354)\n\tat pom.Stackpom.subtopics(Stackpom.java:51)\n\tat stepdefinitions.Stack.clicks_stack(Stack.java:54)\n\tat ✽.Clicks Stack \"Implementation\"(file:///Users/sathishkumar/eclipse-workspace/projectcucumber/./src/test/resources/features/stack.feature:11)\n"},"stage":"finished","steps":[],"attachments":[],"parameters":[],"start":1705081979370,"stop":1705081979611},{"name":"Then  Navigates to topic page","status":"skipped","statusDetails":{"known":false,"muted":false,"flaky":false},"stage":"finished","steps":[],"attachments":[],"parameters":[],"start":1705081979614,"stop":1705081979618},{"name":"When  Clicks Stack Try here in bottom of page","status":"skipped","statusDetails":{"known":false,"muted":false,"flaky":false},"stage":"finished","steps":[],"attachments":[],"parameters":[],"start":1705081979621,"stop":1705081979621},{"name":"Then  Shows  Stack Textarea to run Python code","status":"skipped","statusDetails":{"known":false,"muted":false,"flaky":false},"stage":"finished","steps":[],"attachments":[],"parameters":[],"start":1705081979621,"stop":1705081979621},{"name":"When  Clicks run to execute the program","status":"skipped","statusDetails":{"known":false,"muted":false,"flaky":false},"stage":"finished","steps":[],"attachments":[],"parameters":[],"start":1705081979621,"stop":1705081979621},{"name":"Then  Shows output of program","status":"skipped","statusDetails":{"known":false,"muted":false,"flaky":false},"stage":"finished","steps":[],"attachments":[],"parameters":[],"start":1705081979621,"stop":1705081979622}],"attachments":[],"parameters":[{"name":"subtopics","value":"Implementation"}],"start":1705081979370,"stop":1705081979628}